<?xml version="1.0" encoding="UTF-8"?>
<testsuite name="Cucumber" time="47.095" tests="2" skipped="0" failures="0" errors="0">
<testcase classname="Test login functionality" name="Check login is successful with valid credentials - Example #1.1" time="29.637">
<system-out><![CDATA[
Given browser is open.......................................................passed
And user is on login page...................................................passed
When user enters kundan and 12345...........................................passed
And user clicks on login....................................................passed
Then user is navigated to the home page.....................................passed
]]></system-out>
</testcase>
<testcase classname="Test login functionality" name="Check login is successful with valid credentials - Example #1.2" time="16.87">
<system-out><![CDATA[
Given browser is open.......................................................passed
And user is on login page...................................................passed
When user enters jyothi and 12345...........................................passed
And user clicks on login....................................................passed
Then user is navigated to the home page.....................................passed
]]></system-out>
</testcase>
</testsuite>
